2024-02-13T17:39:35+00:00 CRITICAL Uncaught Error: Call to undefined function linhvu_header() in C:\xampp\htdocs\my_Wordpress_Website\wp-content\themes\My theme\header.php:14
Stack trace:
#0 C:\xampp\htdocs\my_Wordpress_Website\wp-includes\template.php(790): require_once()
#1 C:\xampp\htdocs\my_Wordpress_Website\wp-includes\template.php(725): load_template('C:\\xampp\\htdocs...', true, Array)
#2 C:\xampp\htdocs\my_Wordpress_Website\wp-includes\general-template.php(48): locate_template(Array, true, true, Array)
#3 C:\xampp\htdocs\my_Wordpress_Website\wp-content\themes\My theme\page.php(1): get_header()
#4 C:\xampp\htdocs\my_Wordpress_Website\wp-includes\template-loader.php(106): include('C:\\xampp\\htdocs...')
#5 C:\xampp\htdocs\my_Wordpress_Website\wp-blog-header.php(19): require_once('C:\\xampp\\htdocs...')
#6 C:\xampp\htdocs\my_Wordpress_Website\index.php(17): require('C:\\xampp\\htdocs...')
#7 {main}
  thrown in C:\xampp\htdocs\my_Wordpress_Website\wp-content\themes\My theme\header.php on line 14

2024-02-13T17:42:32+00:00 CRITICAL Uncaught Error: Call to undefined function linhvu_header() in C:\xampp\htdocs\my_Wordpress_Website\wp-content\themes\My theme\header.php:14
Stack trace:
#0 C:\xampp\htdocs\my_Wordpress_Website\wp-includes\template.php(790): require_once()
#1 C:\xampp\htdocs\my_Wordpress_Website\wp-includes\template.php(725): load_template('C:\\xampp\\htdocs...', true, Array)
#2 C:\xampp\htdocs\my_Wordpress_Website\wp-includes\general-template.php(48): locate_template(Array, true, true, Array)
#3 C:\xampp\htdocs\my_Wordpress_Website\wp-content\themes\My theme\page.php(1): get_header()
#4 C:\xampp\htdocs\my_Wordpress_Website\wp-includes\template-loader.php(106): include('C:\\xampp\\htdocs...')
#5 C:\xampp\htdocs\my_Wordpress_Website\wp-blog-header.php(19): require_once('C:\\xampp\\htdocs...')
#6 C:\xampp\htdocs\my_Wordpress_Website\index.php(17): require('C:\\xampp\\htdocs...')
#7 {main}
  thrown in C:\xampp\htdocs\my_Wordpress_Website\wp-content\themes\My theme\header.php on line 14

